  main.cpp
d:\作業\大二\圖學\project\project1\main.cpp(36): warning C4244: '引數': 將 'double' 轉換為 'GLint'，由於類型不同，可能導致資料遺失
d:\作業\大二\圖學\project\project1\main.cpp(41): warning C4305: '引數': 從 'double' 轉換為 'GLfloat'，是由較大的類型轉換為較小的類型，可能導致資料遺失
d:\作業\大二\圖學\project\project1\main.cpp(43): warning C4244: '引數': 將 'double' 轉換為 'GLint'，由於類型不同，可能導致資料遺失
d:\作業\大二\圖學\project\project1\main.cpp(49): warning C4244: '引數': 將 'double' 轉換為 'GLint'，由於類型不同，可能導致資料遺失
d:\作業\大二\圖學\project\project1\main.cpp(54): warning C4305: '引數': 從 'double' 轉換為 'GLfloat'，是由較大的類型轉換為較小的類型，可能導致資料遺失
d:\作業\大二\圖學\project\project1\main.cpp(56): warning C4244: '引數': 將 'double' 轉換為 'GLint'，由於類型不同，可能導致資料遺失
d:\作業\大二\圖學\project\project1\main.cpp(62): warning C4244: '引數': 將 'double' 轉換為 'GLint'，由於類型不同，可能導致資料遺失
d:\作業\大二\圖學\project\project1\main.cpp(68): warning C4305: '引數': 從 'double' 轉換為 'GLfloat'，是由較大的類型轉換為較小的類型，可能導致資料遺失
d:\作業\大二\圖學\project\project1\main.cpp(70): warning C4244: '引數': 將 'double' 轉換為 'GLint'，由於類型不同，可能導致資料遺失
d:\作業\大二\圖學\project\project1\main.cpp(145): warning C4244: '引數': 將 'double' 轉換為 'GLint'，由於類型不同，可能導致資料遺失
d:\作業\大二\圖學\project\project1\main.cpp(153): warning C4244: '引數': 將 'double' 轉換為 'GLint'，由於類型不同，可能導致資料遺失
d:\作業\大二\圖學\project\project1\main.cpp(161): warning C4244: '引數': 將 'double' 轉換為 'GLint'，由於類型不同，可能導致資料遺失
d:\作業\大二\圖學\project\project1\main.cpp(169): warning C4244: '引數': 將 'double' 轉換為 'GLint'，由於類型不同，可能導致資料遺失
d:\作業\大二\圖學\project\project1\main.cpp(178): warning C4244: '引數': 將 'double' 轉換為 'GLint'，由於類型不同，可能導致資料遺失
d:\作業\大二\圖學\project\project1\main.cpp(366): warning C4244: '引數': 將 'float' 轉換為 'GLint'，由於類型不同，可能導致資料遺失
d:\作業\大二\圖學\project\project1\main.cpp(368): warning C4244: '引數': 將 'float' 轉換為 'GLint'，由於類型不同，可能導致資料遺失
d:\作業\大二\圖學\project\project1\main.cpp(775): warning C4101: 'count_menu': 未參考的區域變數
d:\作業\大二\圖學\project\project1\main.cpp(775): warning C4101: 'main_menu': 未參考的區域變數
d:\作業\大二\圖學\project\project1\main.cpp(775): warning C4101: 'action_menu': 未參考的區域變數
LINK : fatal error LNK1104: 無法開啟檔案 'freeglut.lib'
