  main.cpp
c:\users\user\desktop\graphic_project1_robot\project\project1\main.cpp(118): warning C4244: '引數': 將 'double' 轉換為 'GLfloat'，由於類型不同，可能導致資料遺失
c:\users\user\desktop\graphic_project1_robot\project\project1\main.cpp(119): warning C4305: '引數': 從 'double' 轉換為 'GLfloat'，是由較大的類型轉換為較小的類型，可能導致資料遺失
c:\users\user\desktop\graphic_project1_robot\project\project1\main.cpp(125): warning C4244: '引數': 將 'double' 轉換為 'GLfloat'，由於類型不同，可能導致資料遺失
c:\users\user\desktop\graphic_project1_robot\project\project1\main.cpp(133): warning C4244: '引數': 將 'double' 轉換為 'GLfloat'，由於類型不同，可能導致資料遺失
c:\users\user\desktop\graphic_project1_robot\project\project1\main.cpp(136): warning C4305: '引數': 從 'double' 轉換為 'GLfloat'，是由較大的類型轉換為較小的類型，可能導致資料遺失
c:\users\user\desktop\graphic_project1_robot\project\project1\main.cpp(146): warning C4244: '引數': 將 'double' 轉換為 'GLfloat'，由於類型不同，可能導致資料遺失
c:\users\user\desktop\graphic_project1_robot\project\project1\main.cpp(154): warning C4244: '引數': 將 'double' 轉換為 'GLfloat'，由於類型不同，可能導致資料遺失
c:\users\user\desktop\graphic_project1_robot\project\project1\main.cpp(157): warning C4305: '引數': 從 'double' 轉換為 'GLfloat'，是由較大的類型轉換為較小的類型，可能導致資料遺失
c:\users\user\desktop\graphic_project1_robot\project\project1\main.cpp(171): warning C4244: '引數': 將 'double' 轉換為 'GLfloat'，由於類型不同，可能導致資料遺失
c:\users\user\desktop\graphic_project1_robot\project\project1\main.cpp(180): warning C4244: '引數': 將 'double' 轉換為 'GLfloat'，由於類型不同，可能導致資料遺失
c:\users\user\desktop\graphic_project1_robot\project\project1\main.cpp(183): warning C4305: '引數': 從 'double' 轉換為 'GLfloat'，是由較大的類型轉換為較小的類型，可能導致資料遺失
c:\users\user\desktop\graphic_project1_robot\project\project1\main.cpp(191): warning C4244: '引數': 將 'double' 轉換為 'GLfloat'，由於類型不同，可能導致資料遺失
c:\users\user\desktop\graphic_project1_robot\project\project1\main.cpp(200): warning C4244: '引數': 將 'double' 轉換為 'GLfloat'，由於類型不同，可能導致資料遺失
c:\users\user\desktop\graphic_project1_robot\project\project1\main.cpp(203): warning C4305: '引數': 從 'double' 轉換為 'GLfloat'，是由較大的類型轉換為較小的類型，可能導致資料遺失
c:\users\user\desktop\graphic_project1_robot\project\project1\main.cpp(224): warning C4244: '引數': 將 'double' 轉換為 'GLfloat'，由於類型不同，可能導致資料遺失
c:\users\user\desktop\graphic_project1_robot\project\project1\main.cpp(227): warning C4305: '引數': 從 'double' 轉換為 'GLfloat'，是由較大的類型轉換為較小的類型，可能導致資料遺失
c:\users\user\desktop\graphic_project1_robot\project\project1\main.cpp(235): warning C4244: '引數': 將 'double' 轉換為 'GLfloat'，由於類型不同，可能導致資料遺失
c:\users\user\desktop\graphic_project1_robot\project\project1\main.cpp(243): warning C4244: '引數': 將 'double' 轉換為 'GLfloat'，由於類型不同，可能導致資料遺失
c:\users\user\desktop\graphic_project1_robot\project\project1\main.cpp(246): warning C4305: '引數': 從 'double' 轉換為 'GLfloat'，是由較大的類型轉換為較小的類型，可能導致資料遺失
c:\users\user\desktop\graphic_project1_robot\project\project1\main.cpp(268): warning C4244: '引數': 將 'double' 轉換為 'GLfloat'，由於類型不同，可能導致資料遺失
c:\users\user\desktop\graphic_project1_robot\project\project1\main.cpp(271): warning C4305: '引數': 從 'double' 轉換為 'GLfloat'，是由較大的類型轉換為較小的類型，可能導致資料遺失
c:\users\user\desktop\graphic_project1_robot\project\project1\main.cpp(279): warning C4244: '引數': 將 'double' 轉換為 'GLfloat'，由於類型不同，可能導致資料遺失
c:\users\user\desktop\graphic_project1_robot\project\project1\main.cpp(288): warning C4244: '引數': 將 'double' 轉換為 'GLfloat'，由於類型不同，可能導致資料遺失
c:\users\user\desktop\graphic_project1_robot\project\project1\main.cpp(291): warning C4305: '引數': 從 'double' 轉換為 'GLfloat'，是由較大的類型轉換為較小的類型，可能導致資料遺失
c:\users\user\desktop\graphic_project1_robot\project\project1\main.cpp(318): warning C4244: '引數': 將 'double' 轉換為 'GLfloat'，由於類型不同，可能導致資料遺失
c:\users\user\desktop\graphic_project1_robot\project\project1\main.cpp(324): warning C4244: '引數': 將 'double' 轉換為 'GLfloat'，由於類型不同，可能導致資料遺失
c:\users\user\desktop\graphic_project1_robot\project\project1\main.cpp(331): warning C4305: '引數': 從 'double' 轉換為 'GLfloat'，是由較大的類型轉換為較小的類型，可能導致資料遺失
c:\users\user\desktop\graphic_project1_robot\project\project1\main.cpp(448): warning C4244: '=': 將 'double' 轉換為 'float'，由於類型不同，可能導致資料遺失
c:\users\user\desktop\graphic_project1_robot\project\project1\main.cpp(462): warning C4244: '=': 將 'double' 轉換為 'float'，由於類型不同，可能導致資料遺失
c:\users\user\desktop\graphic_project1_robot\project\project1\main.cpp(480): warning C4244: '=': 將 'double' 轉換為 'float'，由於類型不同，可能導致資料遺失
c:\users\user\desktop\graphic_project1_robot\project\project1\main.cpp(496): warning C4244: '=': 將 'double' 轉換為 'float'，由於類型不同，可能導致資料遺失
c:\users\user\desktop\graphic_project1_robot\project\project1\main.cpp(514): warning C4244: '=': 將 'double' 轉換為 'float'，由於類型不同，可能導致資料遺失
c:\users\user\desktop\graphic_project1_robot\project\project1\main.cpp(563): warning C4244: '=': 將 'double' 轉換為 'float'，由於類型不同，可能導致資料遺失
c:\users\user\desktop\graphic_project1_robot\project\project1\main.cpp(595): warning C4244: '=': 將 'double' 轉換為 'float'，由於類型不同，可能導致資料遺失
c:\users\user\desktop\graphic_project1_robot\project\project1\main.cpp(606): warning C4244: '=': 將 'double' 轉換為 'float'，由於類型不同，可能導致資料遺失
c:\users\user\desktop\graphic_project1_robot\project\project1\main.cpp(679): warning C4305: '+=': 從 'double' 轉換為 'float'，是由較大的類型轉換為較小的類型，可能導致資料遺失
c:\users\user\desktop\graphic_project1_robot\project\project1\main.cpp(711): warning C4305: '-=': 從 'double' 轉換為 'float'，是由較大的類型轉換為較小的類型，可能導致資料遺失
c:\users\user\desktop\graphic_project1_robot\project\project1\main.cpp(712): warning C4305: '-=': 從 'double' 轉換為 'float'，是由較大的類型轉換為較小的類型，可能導致資料遺失
c:\users\user\desktop\graphic_project1_robot\project\project1\main.cpp(713): warning C4305: '+=': 從 'double' 轉換為 'float'，是由較大的類型轉換為較小的類型，可能導致資料遺失
c:\users\user\desktop\graphic_project1_robot\project\project1\main.cpp(720): warning C4305: '-=': 從 'double' 轉換為 'float'，是由較大的類型轉換為較小的類型，可能導致資料遺失
c:\users\user\desktop\graphic_project1_robot\project\project1\main.cpp(724): warning C4305: '-=': 從 'double' 轉換為 'float'，是由較大的類型轉換為較小的類型，可能導致資料遺失
c:\users\user\desktop\graphic_project1_robot\project\project1\main.cpp(725): warning C4305: '+=': 從 'double' 轉換為 'float'，是由較大的類型轉換為較小的類型，可能導致資料遺失
c:\users\user\desktop\graphic_project1_robot\project\project1\main.cpp(731): warning C4244: '=': 將 'double' 轉換為 'float'，由於類型不同，可能導致資料遺失
c:\users\user\desktop\graphic_project1_robot\project\project1\main.cpp(732): warning C4244: '=': 將 'double' 轉換為 'float'，由於類型不同，可能導致資料遺失
c:\users\user\desktop\graphic_project1_robot\project\project1\main.cpp(847): warning C4244: '引數': 將 'float' 轉換為 'GLint'，由於類型不同，可能導致資料遺失
c:\users\user\desktop\graphic_project1_robot\project\project1\main.cpp(849): warning C4244: '引數': 將 'float' 轉換為 'GLint'，由於類型不同，可能導致資料遺失
c:\users\user\desktop\graphic_project1_robot\project\project1\main.cpp(971): warning C4101: 'count_menu': 未參考的區域變數
c:\users\user\desktop\graphic_project1_robot\project\project1\main.cpp(971): warning C4101: 'main_menu': 未參考的區域變數
c:\users\user\desktop\graphic_project1_robot\project\project1\main.cpp(971): warning C4101: 'action_menu': 未參考的區域變數
  project1.vcxproj -> C:\Users\user\Desktop\graphic_project1_robot\project\Debug\project1.exe
